1650575316409:1
1650575425644:i
1650576593165:1
1650576594671:i
1650576602450:h
1650576774567:i
1650576778778:1
1650576781965:i
1650576798761:n
1650576826536:т
1650576828609:n
1650576835104:У лукоморья
1650576838675:n
1650576970692:i
1650577051409:n
1650577302633:i
1650577314989:n
1650577392418:i
1650577402396:n
1650577485573:У лукоморья
1650577536779:i
1650577544955:n
1650577641708:i
1650577645644:n
1650578406558:b
1650578458252:g
1650578462543:b
1650578840793:i
1650578983635:g
1650578984969:1
1650578986839:i
1650579132034:g
1650579133666:n
1650579138034:i
1650579140891:b
1650579312607:i
1650579315760:b
1650579319918:n
1650579613817:b
1650579617341:d
1650579621032:b
1650579627381:d
1650579638038:b
1650579641464:d
1650579644227:b
1650579727056:n
1650580807624:b
1650580810631:i
1650580814497:4
1650580817650:i
1650581067043:b
1650581069922:n
1650581074615:i
1650581079266:b
1650581080562:d
1650581084084:b
1650661913128:au
1650662437342:ga
1650663091693:au
1650663125866:ga
1650663230357:au
1650663369850:ga
1650665816632:au
1650665825501:ga
1650665839302:au
1650665848087:ga
1650665922044:b
1650665931279:d
1650665935120:b
1650667575548:ga
1650667583062:gk
1650667648250:ak
1650667656725:gk
1650667667147:dk
1650667768609:gk
1650667771187:dk
1650667775019:gk
1650667778250:ak
1650667793023:gk
1650667852010:ga
1650667870489:au
1650667882342:ga
1650668359148:gk
1650668363557:ak
1650668368338:gk
1650668372108:dk
1650668376368:gk
1650668381080:gu
1650668383466:ga
1650668393076:au
1650668421103:ga
1650668426935:da
1650668440884:gb
1650668449113:g
1650668458424:b
1650668466212:n
1650668494374:i
1650668499440:b
1650668502730:a
1650668511445:b
1650668515323:a
1650668563236:b
1650668566275:ab
1650668630894:b
1650668633854:ab
1650668650539:ga
1650668654348:bk
1650668657492:gk
1650668663348:b
1650668665769:ab
1650668838625:bg
1650668840741:b
1650668850313:dk
1650668854135:b
1650668869025:ak
1650668877190:gk
1650668880584:ab
1650668892151:пл
1650668894639:gk
1650668898116:da
1650668899756:d
1650668903488:b
1650668907249:dk
1650668913132:gk
1650668915997:b
1650669052556:ub
1650669124070:b
1650669127262:ub
1650669140291:b
1650669143944:ab
1650669150396:b
1650669153646:gk
1650669167696:ak
1650669174439:gk
1650669176714:d
1650669181970:dk
1650669185949:gk
1650669189896:ga
1650669193235:au
1650669203458:ga
1650669206867:da
1650669237408:ga
1650669241164:b
1650669247456:db
1650669250009:d
1650669254121:g
1650669255186:b
1650669258948:au
1650669273792:ga
1650669277160:b
1650669280852:ab
1650669292724:b
1650669296393:d
1650669300071:b
1650669306343:ub
1650669328338:b
1650737831153:gk
1650737833938:ak
1650737838162:gk
1650737840445:dk
1650737844520:gk
1650737848218:ga
1650737851600:au
1650737860304:ga
1650737865992:ab
1650737875548:и
1650737877233:b
1650737894761:db
1650737897553:d
1650737900820:b
1650737904714:ab
1650737910898:b
1650737923115:ab
1650737962783:gk
1650737966602:ga
1650737978054:ab
1650737998517:b
1650738006977:db
1650738009635:d
1650738014424:b
1650738017294:ab
1650738031287:b
1650738034976:ab
1650738217480:b
1650738262270:ab
1650738372053:b
1650738391297:ab
1650738658189:b
1650738661482:ab
1650738830870:b
1650738835022:ab
1650739085401:b
1650739088322:ab
1650739092431:b
1650739096143:ab
1650739102519:db
1650739103695:d
1650739106714:b
1650739108973:ab
1650739113957:b
1650739123897:ab
1650739129744:b
1650739136685:ab
1650739141627:b
1650739150589:d
1650739158385:b
1650739161191:d
1650739163484:b
1650739184838:gk
1650739194843:da
1650739203600:ga
1650739208968:au
1650739215976:ga
1650739220414:da
1650739233426:ga
1650739255487:gk
1650739258688:ak
1650739261813:gk
1650739265568:dk
1650739269448:gk
1650747617340:b
1650747619745:ab
1650747624537:g
1650747626543:b
1650747628924:d
1650747632029:b
1650747633895:d
1650747637523:b
