1651613868906:ga
1651614750899:sa
1651614761807:ga
1651695648411:gk
1651695746490:ga
1651695756082:sk
1651695763018:gk
1651699131970:ga
1651699133794:b
1651705714142:ga
1651705719803:gk
1651705722451:ak
1651705728309:gk
1651705748199:sa
1651705760252:ga
1651705764950:gk
1651705766604:sk
1651705770492:gk
1651705774786:b
1651705784580:sb
1651705787466:s
1651705806724:ga
1651705829816:sb
1651705831652:s
1651706364626:d
1651706382455:b
1651706385595:d
1651706724215:b
1651710251006:gc
1651710313736:b
1651710316501:gc
1651710514219:b
1651710522592:gc
1651710601090:b
1651710603957:gc
1651710957985:gb
1651710960118:b
1651711033718:gc
1651711038727:ac
1651711060328:sc
1651711175390:gc
1651711220895:ac
1651711225238:uc
1651711234203:gc
1651711370526:uc
1651711379438:gc
1651711389525:uc
1651711417985:gc
1651711628320:g
1651711629924:b
1651711639043:gc
1651711643288:ac
1651711659417:sc
1651711665599:gc
1651711671344:uc
1651711678280:gc
1651711772307:sc
1651711792705:gc
1651711800294:uc
1651711806361:gc
1651711839076:uc
1651711846290:gc
1651711897773:sc
1651711904013:us
1651711907732:uc
1651711963591:gc
1651711969489:sc
1651711977200:uc
1651711982734:gc
1651711990374:sc
1651712000470:gc
1651712004810:uc
1651712014609:gc
1651712030502:dc
1651712035653:gc
1651712046493:dc
1651712050036:gc
1651712057987:dc
1651712061592:gc
1651712069706:uc
1651712075590:gc
1651712228110:b
1651860412551:пс
1651860414803:gc
1651860419420:dc
1651860427826:gc
1651860435261:b
1651863331587:ga
1651863341347:gk
1651863347172:gc
1651863448986:b
1651870542464:ga
1651870550080:sa
1651870558690:ga
1651870567394:da
1651870586471:ga
1651870592487:gk
1651870597817:sk
1651870602078:gk
1651870607319:b
1651870969043:ab
1651870970534:sb
1651870972671:s
1651871166512:b
1651871172312:s
1651871200026:b
1651871212055:sk
1651871222197:gk
1651871228372:sc
1651871246303:b
1651871262650:s
1651871270378:b
1651871273456:sc
1651871313436:sk
1651871321324:sc
1651871434237:c
1651871435786:sc
1651871442674:gc
1651871593337:g
1651871595242:gc
1651871684888:ga
1651871692155:sa
1651871702747:ga
1651871718848:gk
1651871723207:sk
1651871726847:gk
1651871736711:gi
1651871937993:b
1651871946399:s
1651872383165:g
1651872384563:b
1651872389704:s
1651872457192:b
1651872461820:s
1651872469790:g
1651872470957:b
1651872492199:merge
1651872567607:b
1651872572427:s
1651872579189:g
1651872581139:b
1651872623249:d
1651872627829:b
1651872634073:s
1651872639215:b
1651872646048:s
1651872653238:b
1651872664588:s
1651872671722:b
1651872726535:s
1651872732383:b
1651872803863:s
1651872811628:b
1651872890016:s
1651872899751:b
1651872916450:merge
1651873206356:b
1651873208593:s
1651873214188:b
1651873219566:merge
1651873254332:s
1651873271717:b
1651873282432:merge
1651873342622:s
1651873354994:b
1651873361942:merge
1651873368337:b
1651873376940:d
1651873380116:b
1651873388517:gk
1651873390336:gc
1651873399928:sc
1651873410067:gc
1651873420903:uc
1651873433685:gc
1651873442294:dc
1651873445735:gc
1651873451919:d
1651873458426:gc
1651878654516:b
1651880232045:g
1651880233668:b
